[2026-02-16T14:25:52.553Z] SERVER RESTARTED - LOGGING INITIALIZED
[2026-02-16T14:46:50.627Z] SERVER RESTARTED - LOGGING INITIALIZED
[2026-02-16T14:48:57.871Z] SERVER RESTARTED - LOGGING INITIALIZED
[2026-02-16T14:59:50.240Z] SERVER RESTARTED - LOGGING INITIALIZED
[2026-02-16T15:01:12.537Z] SERVER RESTARTED - LOGGING INITIALIZED
[2026-02-16T15:02:43.229Z] SERVER RESTARTED - LOGGING INITIALIZED
[2026-02-16T15:04:17.617Z] SERVER RESTARTED - LOGGING INITIALIZED
[2026-02-16T15:06:55.068Z] SERVER RESTARTED - LOGGING INITIALIZED
[2026-02-16T15:09:10.032Z] SERVER RESTARTED - LOGGING INITIALIZED
[2026-02-16T15:10:46.884Z] SERVER RESTARTED - LOGGING INITIALIZED
[2026-02-16T15:11:24.716Z] SERVER RESTARTED - LOGGING INITIALIZED
[2026-02-16T15:12:57.342Z] SERVER RESTARTED - LOGGING INITIALIZED
[2026-02-16T15:14:14.296Z] SERVER RESTARTED - LOGGING INITIALIZED
[2026-02-16T15:14:52.914Z] /grupListesiGetir called: sinif=9A, calisma=Sıvı Basıncı
[2026-02-16T15:14:52.916Z] /grupListesiGetir - Found Match: gggSıvı Basıncı9A.json
[2026-02-16T15:25:31.987Z] SERVER RESTARTED - LOGGING INITIALIZED
[2026-02-16T15:41:32.363Z] SERVER RESTARTED - LOGGING INITIALIZED
[2026-02-16T15:42:46.303Z] SERVER RESTARTED - LOGGING INITIALIZED
[2026-02-16T15:43:44.241Z] SERVER RESTARTED - LOGGING INITIALIZED
[2026-02-16T15:44:43.232Z] [DEBUG FS] __dirname: A:\TOOLS\kodlama\km\src - Kopya, files found: 32
[2026-02-16T15:44:43.233Z] [DEBUG FS] matchingFile: gggSıvı Basıncı9A.json
[2026-02-16T15:44:43.244Z] [DEBUG FS] __dirname: A:\TOOLS\kodlama\km\src - Kopya, files found: 32
[2026-02-16T15:44:43.246Z] [DEBUG FS] matchingFile: gggSıvı Basıncı9A.json
[2026-02-16T21:05:46.564Z] SERVER RESTARTED - LOGGING INITIALIZED
[2026-02-16T21:06:31.984Z] SERVER RESTARTED - LOGGING INITIALIZED
[2026-02-16T21:08:15.010Z] SERVER RESTARTED - LOGGING INITIALIZED
[2026-02-16T21:10:30.293Z] SERVER RESTARTED - LOGGING INITIALIZED
[2026-02-16T22:04:56.897Z] SERVER RESTARTED - LOGGING INITIALIZED
